<?xml version="1.0" encoding="UTF-8"?><testsuite name="nosetests" tests="7" errors="1" failures="0" skip="0"><testcase classname="tests.test_models.TestItem" name="test_create_an_item" time="0.045"></testcase><testcase classname="tests.test_models.TestWishlist" name="test_add_a_wishlist" time="0.054"></testcase><testcase classname="tests.test_models.TestWishlist" name="test_create_a_wishlist" time="0.037"></testcase><testcase classname="tests.test_models.TestWishlist" name="test_find_by_email" time="0.054"></testcase><testcase classname="tests.test_models.TestWishlist" name="test_find_by_name" time="0.047"></testcase><testcase classname="tests.test_models.TestWishlist" name="test_find_wishlist" time="0.051"></testcase><testcase classname="nose.failure.Failure" name="runTest" time="0.000"><error type="builtins.ModuleNotFoundError" message="No module named 'factory'"><![CDATA[Traceback (most recent call last):
  File "/usr/lib/python3.6/unittest/case.py", line 59, in testPartExecutor
    yield
  File "/usr/lib/python3.6/unittest/case.py", line 605, in run
    testMethod()
  File "/usr/local/lib/python3.6/dist-packages/nose/failure.py", line 39, in runTest
    raise self.exc_val.with_traceback(self.tb)
  File "/usr/local/lib/python3.6/dist-packages/nose/loader.py", line 418, in loadTestsFromName
    addr.filename, addr.module)
  File "/usr/local/lib/python3.6/dist-packages/nose/importer.py", line 47, in importFromPath
    return self.importFromDir(dir_path, fqname)
  File "/usr/local/lib/python3.6/dist-packages/nose/importer.py", line 94, in importFromDir
    mod = load_module(part_fqname, fh, filename, desc)
  File "/usr/lib/python3.6/imp.py", line 235, in load_module
    return load_source(name, filename, file)
  File "/usr/lib/python3.6/imp.py", line 172, in load_source
    module = _load(spec)
  File "<frozen importlib._bootstrap>", line 684, in _load
  File "<frozen importlib._bootstrap>", line 665, in _load_unlocked
  File "<frozen importlib._bootstrap_external>", line 678, in exec_module
  File "<frozen importlib._bootstrap>", line 219, in _call_with_frames_removed
  File "/vagrant/tests/test_service.py", line 15, in <module>
    from tests.factories import WishlistFactory
  File "/vagrant/tests/factories.py", line 4, in <module>
    import factory
ModuleNotFoundError: No module named 'factory'
]]></error></testcase></testsuite>